action: GLOB, msg: packaging
cwd: C:\Users\William\Desktop\BU\CS506\CS506-Spring2020\02-library
cmd: 'c:\users\william\appdata\local\programs\python\python37-32\python.exe' setup.py sdist --formats=zip --dist-dir '.tox\dist'
running sdist
running egg_info
writing cs506.egg-info\PKG-INFO
writing dependency_links to cs506.egg-info\dependency_links.txt
writing requirements to cs506.egg-info\requires.txt
writing top-level names to cs506.egg-info\top_level.txt
reading manifest file 'cs506.egg-info\SOURCES.txt'
writing manifest file 'cs506.egg-info\SOURCES.txt'
running check
c:\users\william\appdata\local\programs\python\python37-32\lib\distutils\dist.py:274: UserWarning: Unknown distribution option: 'long_description_content_type'
  warnings.warn(msg)
warning: check: missing required meta-data: url

warning: check: missing meta-data: either (author and author_email) or (maintainer and maintainer_email) must be supplied

creating cs506-0.0.1
creating cs506-0.0.1\cs506
creating cs506-0.0.1\cs506.egg-info
copying files to cs506-0.0.1...
copying README.md -> cs506-0.0.1
copying setup.py -> cs506-0.0.1
copying cs506\__init__.py -> cs506-0.0.1\cs506
copying cs506\read.py -> cs506-0.0.1\cs506
copying cs506\sim.py -> cs506-0.0.1\cs506
copying cs506.egg-info\PKG-INFO -> cs506-0.0.1\cs506.egg-info
copying cs506.egg-info\SOURCES.txt -> cs506-0.0.1\cs506.egg-info
copying cs506.egg-info\dependency_links.txt -> cs506-0.0.1\cs506.egg-info
copying cs506.egg-info\requires.txt -> cs506-0.0.1\cs506.egg-info
copying cs506.egg-info\top_level.txt -> cs506-0.0.1\cs506.egg-info
Writing cs506-0.0.1\setup.cfg
creating '.tox\dist\cs506-0.0.1.zip' and adding 'cs506-0.0.1' to it
adding 'cs506-0.0.1\PKG-INFO'
adding 'cs506-0.0.1\README.md'
adding 'cs506-0.0.1\setup.cfg'
adding 'cs506-0.0.1\setup.py'
adding 'cs506-0.0.1\cs506\read.py'
adding 'cs506-0.0.1\cs506\sim.py'
adding 'cs506-0.0.1\cs506\__init__.py'
adding 'cs506-0.0.1\cs506.egg-info\dependency_links.txt'
adding 'cs506-0.0.1\cs506.egg-info\PKG-INFO'
adding 'cs506-0.0.1\cs506.egg-info\requires.txt'
adding 'cs506-0.0.1\cs506.egg-info\SOURCES.txt'
adding 'cs506-0.0.1\cs506.egg-info\top_level.txt'
removing 'cs506-0.0.1' (and everything under it)
