action: py37, msg: getenv
cwd: C:\Users\William\Desktop\BU\CS506\CS506-Spring2020\02-library
cmd: 'C:\Users\William\Desktop\BU\CS506\CS506-Spring2020\02-library\.tox\py37\Scripts\python.EXE' -m pip install '.[test]'
Processing c:\users\william\desktop\bu\cs506\cs506-spring2020\02-library
Collecting pytest
  Downloading https://files.pythonhosted.org/packages/a5/c0/34033b2df7718b91c667bd259d5ce632ec3720198b7068c0ba6f6104ff89/pytest-5.3.5-py3-none-any.whl (235kB)
Collecting pytest-cov
  Downloading https://files.pythonhosted.org/packages/b9/54/3673ee8be482f81527678ac894276223b9814bb7262e4f730469bb7bf70e/pytest_cov-2.8.1-py2.py3-none-any.whl
Collecting testfixtures
  Downloading https://files.pythonhosted.org/packages/e3/34/113e335a858d9afe95f0d8569cb2854d6ac8f71fbd1d62fdfc799b290d43/testfixtures-6.11.0-py2.py3-none-any.whl (87kB)
Collecting attrs>=17.4.0
  Downloading https://files.pythonhosted.org/packages/a2/db/4313ab3be961f7a763066401fb77f7748373b6094076ae2bda2806988af6/attrs-19.3.0-py2.py3-none-any.whl
Collecting importlib-metadata>=0.12; python_version < "3.8"
  Using cached https://files.pythonhosted.org/packages/8b/03/a00d504808808912751e64ccf414be53c29cad620e3de2421135fcae3025/importlib_metadata-1.5.0-py2.py3-none-any.whl
Collecting py>=1.5.0
  Using cached https://files.pythonhosted.org/packages/99/8d/21e1767c009211a62a8e3067280bfce76e89c9f876180308515942304d2d/py-1.8.1-py2.py3-none-any.whl
Collecting pluggy<1.0,>=0.12
  Using cached https://files.pythonhosted.org/packages/a0/28/85c7aa31b80d150b772fbe4a229487bc6644da9ccb7e427dd8cc60cb8a62/pluggy-0.13.1-py2.py3-none-any.whl
Collecting packaging
  Using cached https://files.pythonhosted.org/packages/98/42/87c585dd3b113c775e65fd6b8d9d0a43abe1819c471d7af702d4e01e9b20/packaging-20.1-py2.py3-none-any.whl
Collecting more-itertools>=4.0.0
  Downloading https://files.pythonhosted.org/packages/72/96/4297306cc270eef1e3461da034a3bebe7c84eff052326b130824e98fc3fb/more_itertools-8.2.0-py3-none-any.whl (43kB)
Collecting colorama; sys_platform == "win32"
  Downloading https://files.pythonhosted.org/packages/c9/dc/45cdef1b4d119eb96316b3117e6d5708a08029992b2fee2c143c7a0a5cc5/colorama-0.4.3-py2.py3-none-any.whl
Collecting atomicwrites>=1.0; sys_platform == "win32"
  Downloading https://files.pythonhosted.org/packages/52/90/6155aa926f43f2b2a22b01be7241be3bfd1ceaf7d0b3267213e8127d41f4/atomicwrites-1.3.0-py2.py3-none-any.whl
Collecting wcwidth
  Using cached https://files.pythonhosted.org/packages/58/b4/4850a0ccc6f567cc0ebe7060d20ffd4258b8210efadc259da62dc6ed9c65/wcwidth-0.1.8-py2.py3-none-any.whl
Collecting coverage>=4.4
  Downloading https://files.pythonhosted.org/packages/4b/c7/6b1af1c8806fa047469b19861a3438f9ce785aa41c831c15d676ccaaa726/coverage-5.0.3-cp37-cp37m-win32.whl (204kB)
Collecting zipp>=0.5
  Using cached https://files.pythonhosted.org/packages/be/69/4ac28bf238f287f1677f41392e24d2c4ffafcf11648c23824f5f62ef6ccb/zipp-2.1.0-py3-none-any.whl
Collecting pyparsing>=2.0.2
  Using cached https://files.pythonhosted.org/packages/5d/bc/1e58593167fade7b544bfe9502a26dc860940a79ab306e651e7f13be68c2/pyparsing-2.4.6-py2.py3-none-any.whl
Collecting six
  Using cached https://files.pythonhosted.org/packages/65/eb/1f97cb97bfc2390a276969c6fae16075da282f5058082d4cb10c6c5c1dba/six-1.14.0-py2.py3-none-any.whl
Building wheels for collected packages: cs506
  Building wheel for cs506 (setup.py): started
  Building wheel for cs506 (setup.py): finished with status 'done'
  Created wheel for cs506: filename=cs506-0.0.1-cp37-none-any.whl size=2028 sha256=710a8d7c2b2ccfba3b03986bf32d5b6b374359367a8c75bb896ed339ff5a21a4
  Stored in directory: C:\Users\William\AppData\Local\pip\Cache\wheels\3a\2e\07\c1c75fa9670f23e6de57cc78a2ea68617ba6630c7bd0a87a6b
Successfully built cs506
Installing collected packages: attrs, zipp, importlib-metadata, py, pluggy, pyparsing, six, packaging, more-itertools, colorama, atomicwrites, wcwidth, pytest, coverage, pytest-cov, testfixtures, cs506
  Found existing installation: cs506 0.0.1
    Not uninstalling cs506 at c:\users\william\desktop\bu\cs506\cs506-spring2020\02-library, outside environment C:\Users\William\Desktop\BU\CS506\CS506-Spring2020\02-library\.tox\py37
    Can't uninstall 'cs506'. No files were found to uninstall.
Successfully installed atomicwrites-1.3.0 attrs-19.3.0 colorama-0.4.3 coverage-5.0.3 cs506-0.0.1 importlib-metadata-1.5.0 more-itertools-8.2.0 packaging-20.1 pluggy-0.13.1 py-1.8.1 pyparsing-2.4.6 pytest-5.3.5 pytest-cov-2.8.1 six-1.14.0 testfixtures-6.11.0 wcwidth-0.1.8 zipp-2.1.0
WARNING: You are using pip version 19.3.1; however, version 20.0.2 is available.
You should consider upgrading via the 'python -m pip install --upgrade pip' command.
